SwitchLanguageDemo-master/build/outputs/logs/manifest-merger-debug-report.txt
-- Merging decision tree log ---
manifest
ADDED from SunnyDemo1\SwitchLanguageDemo-master\AndroidManifest.xml:2:1-33:12
	package
		ADDED from SunnyDemo1\SwitchLanguageDemo-master\AndroidManifest.xml:3:5-31
	android:versionName
		ADDED from SunnyDemo1\SwitchLanguageDemo-master\AndroidManifest.xml:5:5-30
		INJECTED from SunnyDemo1\SwitchLanguageDemo-master\AndroidManifest.xml
		INJECTED from SunnyDemo1\SwitchLanguageDemo-master\AndroidManifest.xml
	android:versionCode
		ADDED from SunnyDemo1\SwitchLanguageDemo-master\AndroidManifest.xml:4:5-28
		INJECTED from SunnyDemo1\SwitchLanguageDemo-master\AndroidManifest.xml
		INJECTED from SunnyDemo1\SwitchLanguageDemo-master\AndroidManifest.xml
	xmlns:android
		ADDED from SunnyDemo1\SwitchLanguageDemo-master\AndroidManifest.xml:2:11-69
uses-sdk
ADDED from SunnyDemo1\SwitchLanguageDemo-master\AndroidManifest.xml:7:5-9:41
	android:targetSdkVersion
		ADDED from SunnyDemo1\SwitchLanguageDemo-master\AndroidManifest.xml:9:9-38
		INJECTED from SunnyDemo1\SwitchLanguageDemo-master\AndroidManifest.xml
		INJECTED from SunnyDemo1\SwitchLanguageDemo-master\AndroidManifest.xml
	android:minSdkVersion
		ADDED from SunnyDemo1\SwitchLanguageDemo-master\AndroidManifest.xml:8:9-34
		INJECTED from SunnyDemo1\SwitchLanguageDemo-master\AndroidManifest.xml
		INJECTED from SunnyDemo1\SwitchLanguageDemo-master\AndroidManifest.xml
application
ADDED from SunnyDemo1\SwitchLanguageDemo-master\AndroidManifest.xml:11:5-31:19
	android:label
		ADDED from SunnyDemo1\SwitchLanguageDemo-master\AndroidManifest.xml:14:9-41
	android:allowBackup
		ADDED from SunnyDemo1\SwitchLanguageDemo-master\AndroidManifest.xml:12:9-35
	android:icon
		ADDED from SunnyDemo1\SwitchLanguageDemo-master\AndroidManifest.xml:13:9-45
	android:theme
		ADDED from SunnyDemo1\SwitchLanguageDemo-master\AndroidManifest.xml:15:9-40
activity#com.jit.language.FirstActivity
ADDED from SunnyDemo1\SwitchLanguageDemo-master\AndroidManifest.xml:17:9-25:20
	android:label
		ADDED from SunnyDemo1\SwitchLanguageDemo-master\AndroidManifest.xml:18:13-45
	android:configChanges
		ADDED from SunnyDemo1\SwitchLanguageDemo-master\AndroidManifest.xml:19:13-43
	android:name
		ADDED from SunnyDemo1\SwitchLanguageDemo-master\AndroidManifest.xml:17:19-48
intent-filter#android.intent.action.MAIN+android.intent.category.LAUNCHER
ADDED from SunnyDemo1\SwitchLanguageDemo-master\AndroidManifest.xml:20:13-24:29
action#android.intent.action.MAIN
ADDED from SunnyDemo1\SwitchLanguageDemo-master\AndroidManifest.xml:21:17-69
	android:name
		ADDED from SunnyDemo1\SwitchLanguageDemo-master\AndroidManifest.xml:21:25-66
category#android.intent.category.LAUNCHER
ADDED from SunnyDemo1\SwitchLanguageDemo-master\AndroidManifest.xml:23:17-77
	android:name
		ADDED from SunnyDemo1\SwitchLanguageDemo-master\AndroidManifest.xml:23:27-74
activity#com.jit.language.MainActivity
ADDED from SunnyDemo1\SwitchLanguageDemo-master\AndroidManifest.xml:26:9-29:20
	android:name
		ADDED from SunnyDemo1\SwitchLanguageDemo-master\AndroidManifest.xml:27:13-57
activity#com.jit.language.SecondActivity
ADDED from SunnyDemo1\SwitchLanguageDemo-master\AndroidManifest.xml:30:9-68
	android:name
		ADDED from SunnyDemo1\SwitchLanguageDemo-master\AndroidManifest.xml:30:19-65